
Sunday, January 9, 2022 11:29:39 AM

  Determining projects to restore...
  All projects are up-to-date for restore.
  SpecFlowFeatureFiles: Features\Calculator.feature;Features\LengthConverter.feature;Features\MultiplesOfTen.feature;Features\Subtraction.feature
-> Using default config
  SpecFlowGeneratedFiles: Features\Calculator.feature.cs
  SpecFlowGeneratedFiles: Features\LengthConverter.feature.cs
  SpecFlowGeneratedFiles: Features\MultiplesOfTen.feature.cs
  SpecFlowGeneratedFiles: Features\Subtraction.feature.cs
  ClassLibrary1 -> C:\Users\30080717\source\repos\personal\LearningSandbox\ClassLibrary1\bin\Debug\net6.0\ClassLibrary1.dll
  SpecFlowProject2 -> C:\Users\30080717\source\repos\personal\LearningSandbox\SpecFlowProject2\bin\Debug\net6.0\SpecFlowProject2.dll
Test run for C:\Users\30080717\source\repos\personal\LearningSandbox\SpecFlowProject2\bin\Debug\net6.0\SpecFlowProject2.dll (.NETCoreApp,Version=v6.0)
Microsoft (R) Test Execution Command Line Tool Version 17.0.0
Copyright (c) Microsoft Corporation.  All rights reserved.

Starting test execution, please wait...
A total of 1 test files matched the specified pattern.
-> Loading plugin C:\Users\30080717\source\repos\personal\LearningSandbox\SpecFlowProject2\bin\Debug\net6.0\LivingDoc.SpecFlowPlugin.dll
-> Loading plugin C:\Users\30080717\source\repos\personal\LearningSandbox\SpecFlowProject2\bin\Debug\net6.0\TechTalk.SpecFlow.xUnit.SpecFlowPlugin.dll
-> Loading plugin C:\Users\30080717\source\repos\personal\LearningSandbox\SpecFlowProject2\bin\Debug\net6.0\SpecFlowProject2.dll
-> Using default config
-> LivingDocPlugin: Output generated in: C:\Users\30080717\source\repos\personal\LearningSandbox\SpecFlowProject2\bin\Debug\net6.0\TestExecution.json

Passed!  - Failed:     0, Passed:    11, Skipped:     0, Total:    11, Duration: 79 ms - SpecFlowProject2.dll (net6.0)

Calculating coverage result...
C:\Users\30080717\.nuget\packages\coverlet.msbuild\3.1.0\build\coverlet.msbuild.targets(71,5): error : Unable to read beyond the end of the stream. [C:\Users\30080717\source\repos\personal\LearningSandbox\SpecFlowProject2\SpecFlowProject2.csproj]
C:\Users\30080717\.nuget\packages\coverlet.msbuild\3.1.0\build\coverlet.msbuild.targets(71,5): error :    at System.IO.BinaryReader.InternalRead(Int32 numBytes) [C:\Users\30080717\source\repos\personal\LearningSandbox\SpecFlowProject2\SpecFlowProject2.csproj]
C:\Users\30080717\.nuget\packages\coverlet.msbuild\3.1.0\build\coverlet.msbuild.targets(71,5): error :    at Coverlet.Core.Coverage.CalculateCoverage() in /_/src/coverlet.core/Coverage.cs:line 414 [C:\Users\30080717\source\repos\personal\LearningSandbox\SpecFlowProject2\SpecFlowProject2.csproj]
C:\Users\30080717\.nuget\packages\coverlet.msbuild\3.1.0\build\coverlet.msbuild.targets(71,5): error :    at Coverlet.Core.Coverage.GetCoverageResult() in /_/src/coverlet.core/Coverage.cs:line 161 [C:\Users\30080717\source\repos\personal\LearningSandbox\SpecFlowProject2\SpecFlowProject2.csproj]
C:\Users\30080717\.nuget\packages\coverlet.msbuild\3.1.0\build\coverlet.msbuild.targets(71,5): error :    at Coverlet.MSbuild.Tasks.CoverageResultTask.Execute() in /_/src/coverlet.msbuild.tasks/CoverageResultTask.cs:line 82 [C:\Users\30080717\source\repos\personal\LearningSandbox\SpecFlowProject2\SpecFlowProject2.csproj]
